<?xml version="1.0" encoding="UTF-8"?>
<!-- Generated by org.testng.reporters.JUnitReportReporter -->
<testsuite hostname="DESKTOP-MUPOVES" failures="0" tests="1" name="com.tmb.tests.AttendanceConfigurationTestsNew" time="126.280" errors="0" timestamp="2022-09-02T11:40:06 IST" skipped="0">
  <testcase classname="com.tmb.tests.AttendanceConfigurationTestsNew" name="AttendanceConfigurationTest" time="126.280"/>
  <system-out/>
</testsuite> <!-- com.tmb.tests.AttendanceConfigurationTestsNew -->
