<?xml version="1.0" encoding="UTF-8"?>
<!-- Generated by org.testng.reporters.JUnitReportReporter -->
<testsuite hostname="DESKTOP-MUPOVES" failures="0" tests="1" name="rough.testNGBasics.SecondClass" time="0.002" errors="0" timestamp="2022-05-25T11:51:07 IST" skipped="0">
  <testcase classname="rough.testNGBasics.SecondClass" name="test2_1" time="0.002"/>
  <system-out/>
</testsuite> <!-- rough.testNGBasics.SecondClass -->
