<?xml version="1.0" encoding="UTF-8"?>
<!-- Generated by org.testng.reporters.JUnitReportReporter -->
<testsuite hostname="DESKTOP-MUPOVES" failures="0" tests="1" name="rough.testNGBasics.FirstClass" time="0.014" errors="0" timestamp="2022-05-25T11:51:07 IST" skipped="0">
  <testcase classname="rough.testNGBasics.FirstClass" name="test1_1" time="0.014"/>
  <system-out/>
</testsuite> <!-- rough.testNGBasics.FirstClass -->
