<?xml version="1.0" encoding="UTF-8"?>
<!-- Generated by org.testng.reporters.JUnitReportReporter -->
<testsuite hostname="DESKTOP-MUPOVES" failures="0" tests="1" name="com.tmb.tests.PunchInOutTests" time="22.970" errors="0" timestamp="2022-05-17T18:03:25 IST" skipped="0">
  <testcase classname="com.tmb.tests.PunchInOutTests" name="PunchInOutTest" time="22.970"/>
  <system-out/>
</testsuite> <!-- com.tmb.tests.PunchInOutTests -->
