<?xml version="1.0" encoding="UTF-8"?>
<!-- Generated by org.testng.reporters.JUnitReportReporter -->
<testsuite hostname="DESKTOP-MUPOVES" failures="0" tests="4" name="com.tmb.tests.AddCustomerTests" time="76.725" errors="0" timestamp="2022-05-16T12:02:32 IST" skipped="0">
  <testcase classname="com.tmb.tests.AddCustomerTests" name="addCustomerBlankNameTest" time="15.933"/>
  <system-out/>
  <testcase classname="com.tmb.tests.AddCustomerTests" name="verifyAllLabelsOnAddCustomerPage" time="24.985"/>
  <system-out/>
  <testcase classname="com.tmb.tests.AddCustomerTests" name="AddAndVerifyNewCustomerTest" time="18.173"/>
  <system-out/>
  <testcase classname="com.tmb.tests.AddCustomerTests" name="verifyAddCustomerPageTitle" time="17.634"/>
  <system-out/>
</testsuite> <!-- com.tmb.tests.AddCustomerTests -->
