<?xml version="1.0" encoding="UTF-8"?>
<!-- Generated by org.testng.reporters.JUnitReportReporter -->
<testsuite hostname="DESKTOP-MUPOVES" failures="0" tests="4" name="com.dataprovider.latest.ExcelDAtaProviderDemo" time="0.015" errors="0" timestamp="2022-05-16T21:20:15 IST" skipped="0">
  <testcase classname="com.dataprovider.latest.ExcelDAtaProviderDemo" name="getExcelData" time="0.004"/>
  <system-out/>
  <testcase classname="com.dataprovider.latest.ExcelDAtaProviderDemo" name="getExcelData" time="0.009"/>
  <system-out/>
  <testcase classname="com.dataprovider.latest.ExcelDAtaProviderDemo" name="getExcelData" time="0.001"/>
  <system-out/>
  <testcase classname="com.dataprovider.latest.ExcelDAtaProviderDemo" name="getExcelData" time="0.001"/>
  <system-out/>
</testsuite> <!-- com.dataprovider.latest.ExcelDAtaProviderDemo -->
