<?xml version="1.0" encoding="UTF-8"?>
<!-- Generated by org.testng.reporters.JUnitReportReporter -->
<testsuite hostname="DESKTOP-MUPOVES" failures="0" tests="3" name="com.dataprovider.latest.DataProviderTest" time="0.047" errors="0" timestamp="2022-06-03T11:44:35 IST" skipped="0">
  <testcase classname="com.dataprovider.latest.DataProviderTest" name="test1" time="0.002"/>
  <system-out/>
  <testcase classname="com.dataprovider.latest.DataProviderTest" name="test1" time="0.043"/>
  <system-out/>
  <testcase classname="com.dataprovider.latest.DataProviderTest" name="test1" time="0.002"/>
  <system-out/>
</testsuite> <!-- com.dataprovider.latest.DataProviderTest -->
