<?xml version="1.0" encoding="UTF-8"?>
<!-- Generated by org.testng.reporters.JUnitReportReporter -->
<testsuite hostname="DESKTOP-MUPOVES" failures="0" tests="5" name="com.cs.tests.AddCustomerTestsNew" time="198.333" errors="0" timestamp="2022-09-18T11:28:33 IST" skipped="0">
  <testcase classname="com.cs.tests.AddCustomerTestsNew" name="verifyAllLabelsOnAddCustomerPage" time="32.082"/>
  <system-out/>
  <testcase classname="com.cs.tests.AddCustomerTestsNew" name="AddAndVerifyNewCustomerTest" time="70.536"/>
  <system-out/>
  <testcase classname="com.cs.tests.AddCustomerTestsNew" name="verifyAddCustomerPageTitle" time="47.957"/>
  <system-out/>
  <testcase classname="com.cs.tests.AddCustomerTestsNew" name="addCustomerBlankNameTest" time="27.150"/>
  <system-out/>
  <testcase classname="com.cs.tests.AddCustomerTestsNew" name="addCustomerBlankNameTest" time="20.608"/>
  <system-out/>
</testsuite> <!-- com.cs.tests.AddCustomerTestsNew -->
