<?xml version="1.0" encoding="UTF-8"?>
<!-- Generated by org.testng.reporters.JUnitReportReporter -->
<testsuite hostname="DESKTOP-MUPOVES" failures="0" tests="1" name="com.cs.tests.AttendanceConfigurationTestsNew" time="216.014" errors="0" timestamp="2022-09-18T11:28:33 IST" skipped="0">
  <testcase classname="com.cs.tests.AttendanceConfigurationTestsNew" name="AttendanceConfigurationTest" time="216.014"/>
  <system-out/>
</testsuite> <!-- com.cs.tests.AttendanceConfigurationTestsNew -->
