<?xml version="1.0" encoding="UTF-8"?>
<!-- Generated by org.testng.reporters.JUnitReportReporter -->
<testsuite hostname="DESKTOP-MUPOVES" failures="0" tests="1" name="com.tmb.tests.DeleteExistingCustomerTests" time="32.862" errors="0" timestamp="2022-05-16T13:48:50 IST" skipped="0">
  <testcase classname="com.tmb.tests.DeleteExistingCustomerTests" name="DeleteNewlyAddedCustomerAndVerifyCustomerIsDeletedTest" time="32.862"/>
  <system-out/>
</testsuite> <!-- com.tmb.tests.DeleteExistingCustomerTests -->
