<?xml version="1.0" encoding="UTF-8"?>
<!-- Generated by org.testng.reporters.JUnitReportReporter -->
<testsuite hostname="DESKTOP-MUPOVES" failures="0" tests="1" name="com.tmb.tests.CustomerHomeTests" time="19.869" errors="0" timestamp="2022-05-16T16:03:32 IST" skipped="0">
  <testcase classname="com.tmb.tests.CustomerHomeTests" name="VerifySelectAllCheckBoxButton" time="19.869"/>
  <system-out/>
</testsuite> <!-- com.tmb.tests.CustomerHomeTests -->
