<?xml version="1.0" encoding="UTF-8"?>
<!-- Generated by org.testng.reporters.JUnitReportReporter -->
<testsuite hostname="DESKTOP-MUPOVES" failures="0" tests="1" name="rough.dropDownpkg.DropDownDemo" time="31.147" errors="0" timestamp="2022-05-26T18:50:48 IST" skipped="0">
  <testcase classname="rough.dropDownpkg.DropDownDemo" name="test1" time="31.147"/>
  <system-out/>
</testsuite> <!-- rough.dropDownpkg.DropDownDemo -->
