<?xml version="1.0" encoding="UTF-8"?>
<!-- Generated by org.testng.reporters.JUnitReportReporter -->
<testsuite hostname="DESKTOP-MUPOVES" failures="0" tests="1" name="com.tmb.tests.CustomerHomeTestsNew" time="36.979" errors="0" timestamp="2022-09-03T10:55:31 IST" skipped="0">
  <testcase classname="com.tmb.tests.CustomerHomeTestsNew" name="VerifySortingOrderOfCustomerTable" time="36.979"/>
  <system-out/>
</testsuite> <!-- com.tmb.tests.CustomerHomeTestsNew -->
