<?xml version="1.0" encoding="UTF-8"?>
<!-- Generated by org.testng.reporters.JUnitReportReporter -->
<testsuite hostname="DESKTOP-MUPOVES" failures="0" tests="1" name="roughapgefactorypkg.RunnerPageFactory" time="8.978" errors="0" timestamp="2022-05-13T16:00:59 IST" skipped="0">
  <testcase classname="roughapgefactorypkg.RunnerPageFactory" name="test3" time="8.978"/>
  <system-out/>
</testsuite> <!-- roughapgefactorypkg.RunnerPageFactory -->
