<?xml version="1.0" encoding="UTF-8"?>
<!-- Generated by org.testng.reporters.JUnitReportReporter -->
<testsuite hostname="DESKTOP-MUPOVES" failures="0" tests="1" name="rough.com.annotations.AnnotationsTest" time="0.049" errors="0" timestamp="2022-05-19T16:52:37 IST" skipped="0">
  <testcase classname="rough.com.annotations.AnnotationsTest" name="testTest" time="0.049"/>
  <system-out/>
</testsuite> <!-- rough.com.annotations.AnnotationsTest -->
