<?xml version="1.0" encoding="UTF-8"?>
<!-- Generated by org.testng.reporters.JUnitReportReporter -->
<testsuite hostname="DESKTOP-MUPOVES" failures="0" tests="1" name="rough.checkboxradiobuttonpkg.CheckBoxRadioButtonDemo" time="23.638" errors="0" timestamp="2022-05-27T09:35:51 IST" skipped="0">
  <testcase classname="rough.checkboxradiobuttonpkg.CheckBoxRadioButtonDemo" name="test1" time="23.638"/>
  <system-out/>
</testsuite> <!-- rough.checkboxradiobuttonpkg.CheckBoxRadioButtonDemo -->
