<?xml version="1.0" encoding="UTF-8"?>
<!-- Generated by org.testng.reporters.JUnitReportReporter -->
<testsuite hostname="DESKTOP-MUPOVES" failures="0" tests="1" name="rough.com.extentsreports.ExtentReportsDemo" time="2.004" errors="0" timestamp="2022-05-17T16:34:50 IST" skipped="0">
  <testcase classname="rough.com.extentsreports.ExtentReportsDemo" name="test1" time="2.004"/>
  <system-out/>
</testsuite> <!-- rough.com.extentsreports.ExtentReportsDemo -->
