<?xml version="1.0" encoding="UTF-8"?>
<!-- Generated by org.testng.reporters.JUnitReportReporter -->
<testsuite hostname="DESKTOP-MUPOVES" failures="0" tests="5" name="com.tmb.tests.AddCustomerTestsNew" time="223.534" errors="0" timestamp="2022-09-02T11:40:06 IST" skipped="0">
  <testcase classname="com.tmb.tests.AddCustomerTestsNew" name="AddAndVerifyNewCustomerTest" time="65.540"/>
  <system-out/>
  <testcase classname="com.tmb.tests.AddCustomerTestsNew" name="verifyAllLabelsOnAddCustomerPage" time="31.105"/>
  <system-out/>
  <testcase classname="com.tmb.tests.AddCustomerTestsNew" name="verifyAddCustomerPageTitle" time="20.585"/>
  <system-out/>
  <testcase classname="com.tmb.tests.AddCustomerTestsNew" name="addCustomerBlankNameTest" time="61.357"/>
  <system-out/>
  <testcase classname="com.tmb.tests.AddCustomerTestsNew" name="addCustomerBlankNameTest" time="44.947"/>
  <system-out/>
</testsuite> <!-- com.tmb.tests.AddCustomerTestsNew -->
