<?xml version="1.0" encoding="UTF-8"?>
<!-- Generated by org.testng.reporters.JUnitReportReporter -->
<testsuite hostname="DESKTOP-MUPOVES" failures="0" tests="1" name="com.tmb.tests.DeleteCustomerTests" time="28.911" errors="0" timestamp="2022-05-18T11:10:42 IST" skipped="0">
  <testcase classname="com.tmb.tests.DeleteCustomerTests" name="VerifyDeletingMasterCustomer" time="28.911"/>
  <system-out/>
</testsuite> <!-- com.tmb.tests.DeleteCustomerTests -->
