<?xml version="1.0" encoding="UTF-8"?>
<!-- Generated by org.testng.reporters.JUnitReportReporter -->
<testsuite hostname="DESKTOP-MUPOVES" failures="0" tests="1" name="com.tmb.tests.AttendanceConfiguration" time="35.195" errors="0" timestamp="2022-05-15T15:46:15 IST" skipped="0">
  <testcase classname="com.tmb.tests.AttendanceConfiguration" name="AttendanceConfigurationTest" time="35.195"/>
  <system-out/>
</testsuite> <!-- com.tmb.tests.AttendanceConfiguration -->
