<?xml version="1.0" encoding="UTF-8"?>
<!-- Generated by org.testng.reporters.JUnitReportReporter -->
<testsuite hostname="DESKTOP-MUPOVES" failures="0" tests="1" name="rough.FirefoxDemo" time="42.399" errors="0" timestamp="2022-05-27T19:45:03 IST" skipped="0">
  <testcase classname="rough.FirefoxDemo" name="test1" time="42.399"/>
  <system-out/>
</testsuite> <!-- rough.FirefoxDemo -->
