<?xml version="1.0" encoding="UTF-8"?>
<!-- Generated by org.testng.reporters.JUnitReportReporter -->
<testsuite hostname="DESKTOP-MUPOVES" failures="0" tests="1" name="rough.inheritanceDemo1.Tests" time="0.017" errors="0" timestamp="2022-05-26T06:39:32 IST" skipped="0">
  <testcase classname="rough.inheritanceDemo1.Tests" name="Test1" time="0.017"/>
  <system-out/>
</testsuite> <!-- rough.inheritanceDemo1.Tests -->
