<?xml version="1.0" encoding="UTF-8"?>
<!-- Generated by org.testng.reporters.JUnitReportReporter -->
<testsuite hostname="DESKTOP-MUPOVES" failures="0" tests="3" name="com.tmb.tests.LoginPageTests" time="45.542" errors="0" timestamp="2022-05-13T07:16:20 IST" skipped="0">
  <testcase classname="com.tmb.tests.LoginPageTests" name="test2" time="16.644"/>
  <system-out/>
  <testcase classname="com.tmb.tests.LoginPageTests" name="test1" time="16.273"/>
  <system-out/>
  <testcase classname="com.tmb.tests.LoginPageTests" name="test4" time="12.625"/>
  <system-out/>
</testsuite> <!-- com.tmb.tests.LoginPageTests -->
