<?xml version="1.0" encoding="UTF-8"?>
<!-- Generated by org.testng.reporters.JUnitReportReporter -->
<testsuite hostname="DESKTOP-MUPOVES" failures="0" tests="3" name="InvocationCountDemo" time="0.022" errors="0" timestamp="2022-05-25T16:48:41 IST" skipped="0">
  <testcase classname="InvocationCountDemo" name="test1" time="0.006"/>
  <system-out/>
  <testcase classname="InvocationCountDemo" name="test1" time="0.012"/>
  <system-out/>
  <testcase classname="InvocationCountDemo" name="test1" time="0.004"/>
  <system-out/>
</testsuite> <!-- InvocationCountDemo -->
