<?xml version="1.0" encoding="UTF-8"?>
<!-- Generated by org.testng.reporters.JUnitReportReporter -->
<testsuite hostname="DESKTOP-MUPOVES" failures="0" tests="1" name="com.cs.tests.CustomerHomeTestsNew" time="39.298" errors="0" timestamp="2022-09-18T11:28:33 IST" skipped="0">
  <testcase classname="com.cs.tests.CustomerHomeTestsNew" name="VerifySortingOrderOfCustomerTable" time="39.298"/>
  <system-out/>
</testsuite> <!-- com.cs.tests.CustomerHomeTestsNew -->
