<?xml version="1.0" encoding="UTF-8"?>
<!-- Generated by org.testng.reporters.JUnitReportReporter -->
<testsuite hostname="DESKTOP-MUPOVES" failures="0" tests="1" name="com.tmb.tests.AmazonDemoTest" time="18.860" errors="0" timestamp="2022-05-20T09:38:08 IST" skipped="0">
  <testcase classname="com.tmb.tests.AmazonDemoTest" name="amazonTest" time="18.860"/>
  <system-out/>
</testsuite> <!-- com.tmb.tests.AmazonDemoTest -->
