<?xml version="1.0" encoding="UTF-8"?>
<!-- Generated by org.testng.reporters.JUnitReportReporter -->
<testsuite hostname="DESKTOP-MUPOVES" failures="0" tests="2" name="com.tmb.tests.HomePageTests" time="34.987" errors="0" timestamp="2022-05-13T07:16:20 IST" skipped="0">
  <testcase classname="com.tmb.tests.HomePageTests" name="test5" time="14.880"/>
  <system-out/>
  <testcase classname="com.tmb.tests.HomePageTests" name="test3" time="20.107"/>
  <system-out/>
</testsuite> <!-- com.tmb.tests.HomePageTests -->
