<?xml version="1.0" encoding="UTF-8"?>
<!-- Generated by org.testng.reporters.JUnitReportReporter -->
<testsuite hostname="DESKTOP-MUPOVES" failures="0" tests="2" name="com.tmb.tests.PunchInOutTestsNew" time="111.041" errors="0" timestamp="2022-05-29T14:46:00 IST" skipped="0">
  <testcase classname="com.tmb.tests.PunchInOutTestsNew" name="PunchInOutTestNewUsingCalenderInputMonthNo" time="51.028"/>
  <system-out/>
  <testcase classname="com.tmb.tests.PunchInOutTestsNew" name="PunchInOutTestNewUsingCalenderInputMonthName" time="60.013"/>
  <system-out/>
</testsuite> <!-- com.tmb.tests.PunchInOutTestsNew -->
