<?xml version="1.0" encoding="UTF-8"?>
<!-- Generated by org.testng.reporters.JUnitReportReporter -->
<testsuite hostname="DESKTOP-MUPOVES" failures="0" tests="1" name="rough.waitDemo" time="24.232" errors="0" timestamp="2022-05-28T09:21:38 IST" skipped="0">
  <testcase classname="rough.waitDemo" name="test1" time="24.232"/>
  <system-out/>
</testsuite> <!-- rough.waitDemo -->
