<?xml version="1.0" encoding="UTF-8"?>
<!-- Generated by org.testng.reporters.JUnitReportReporter -->
<testsuite hostname="DESKTOP-MUPOVES" failures="0" tests="3" name="com.dataprovider.latest.ExcelDAtaProviderUsingHashMapDemo" time="0.013" errors="0" timestamp="2022-05-16T21:37:23 IST" skipped="0">
  <testcase classname="com.dataprovider.latest.ExcelDAtaProviderUsingHashMapDemo" name="getExcelData" time="0.002"/>
  <system-out/>
  <testcase classname="com.dataprovider.latest.ExcelDAtaProviderUsingHashMapDemo" name="getExcelData" time="0.002"/>
  <system-out/>
  <testcase classname="com.dataprovider.latest.ExcelDAtaProviderUsingHashMapDemo" name="getExcelData" time="0.009"/>
  <system-out/>
</testsuite> <!-- com.dataprovider.latest.ExcelDAtaProviderUsingHashMapDemo -->
